# JRE version: OpenJDK Runtime Environment (21.0.3) (build 21.0.3+-12282718-b509.11)
# Java VM: OpenJDK 64-Bit Server VM (21.0.3+-12282718-b509.11, mixed mode, tiered, compressed oops, compressed class ptrs, g1 gc, windows-amd64)
GC Precious Log:
 CardTable entry size: 512
 Card Set container configuration: InlinePtr #cards 5 size 8 Array Of Cards #cards 12 size 40 Howl #buckets 4 coarsen threshold 1843 Howl Bitmap #cards 512 size 80 coarsen threshold 460 Card regions per heap region 1 cards per card region 2048
 CPUs: 8 total, 8 available
 Memory: 16149M
 Large Page Support: Disabled
 NUMA Support: Disabled
 Compressed Oops: Enabled (32-bit)
 Heap Region Size: 1M
 Heap Min Capacity: 8M
 Heap Initial Capacity: 254M
 Heap Max Capacity: 2G
 Pre-touch: Disabled
 Parallel Workers: 8
 Concurrent Workers: 2
 Concurrent Refinement Workers: 8
 Periodic GC: Disabled
Heap:
 garbage-first heap   total 476160K, used 318976K [0x0000000080000000, 0x0000000100000000)
  region size 1024K, 142 young (145408K), 6 survivors (6144K)
 Metaspace       used 152798K, committed 154112K, reserved 1245184K
  class space    used 20306K, committed 20992K, reserved 1048576K
GC Heap History (20 events):
Event: 6140.672 GC heap before
{Heap before GC invocations=96 (full 0):
 garbage-first heap   total 456704K, used 431589K [0x0000000080000000, 0x0000000100000000)
  region size 1024K, 251 young (257024K), 9 survivors (9216K)
 Metaspace       used 151787K, committed 153152K, reserved 1245184K
  class space    used 20215K, committed 20928K, reserved 1048576K
}
Event: 6140.677 GC heap after
{Heap after GC invocations=97 (full 0):
 garbage-first heap   total 456704K, used 149190K [0x0000000080000000, 0x0000000100000000)
  region size 1024K, 3 young (3072K), 3 survivors (3072K)
 Metaspace       used 151787K, committed 153152K, reserved 1245184K
  class space    used 20215K, committed 20928K, reserved 1048576K
}
Event: 6142.034 GC heap before
{Heap before GC invocations=97 (full 0):
 garbage-first heap   total 456704K, used 416454K [0x0000000080000000, 0x0000000100000000)
  region size 1024K, 265 young (271360K), 3 survivors (3072K)
 Metaspace       used 152324K, committed 153664K, reserved 1245184K
  class space    used 20268K, committed 20928K, reserved 1048576K
}
Event: 6142.057 GC heap after
{Heap after GC invocations=98 (full 0):
 garbage-first heap   total 456704K, used 172074K [0x0000000080000000, 0x0000000100000000)
  region size 1024K, 34 young (34816K), 34 survivors (34816K)
 Metaspace       used 152324K, committed 153664K, reserved 1245184K
  class space    used 20268K, committed 20928K, reserved 1048576K
}
Event: 6142.244 GC heap before
{Heap before GC invocations=98 (full 0):
 garbage-first heap   total 456704K, used 396330K [0x0000000080000000, 0x0000000100000000)
  region size 1024K, 254 young (260096K), 34 survivors (34816K)
 Metaspace       used 152327K, committed 153664K, reserved 1245184K
  class space    used 20268K, committed 20928K, reserved 1048576K
}
Event: 6142.262 GC heap after
{Heap after GC invocations=99 (full 0):
 garbage-first heap   total 456704K, used 173208K [0x0000000080000000, 0x0000000100000000)
  region size 1024K, 6 young (6144K), 6 survivors (6144K)
 Metaspace       used 152327K, committed 153664K, reserved 1245184K
  class space    used 20268K, committed 20928K, reserved 1048576K
}
Event: 6142.633 GC heap before
{Heap before GC invocations=100 (full 0):
 garbage-first heap   total 456704K, used 413848K [0x0000000080000000, 0x0000000100000000)
  region size 1024K, 241 young (246784K), 6 survivors (6144K)
 Metaspace       used 152327K, committed 153664K, reserved 1245184K
  class space    used 20268K, committed 20928K, reserved 1048576K
}
Event: 6142.640 GC heap after
{Heap after GC invocations=101 (full 0):
 garbage-first heap   total 456704K, used 179253K [0x0000000080000000, 0x0000000100000000)
  region size 1024K, 12 young (12288K), 12 survivors (12288K)
 Metaspace       used 152327K, committed 153664K, reserved 1245184K
  class space    used 20268K, committed 20928K, reserved 1048576K
}
Event: 6142.826 GC heap before
{Heap before GC invocations=101 (full 0):
 garbage-first heap   total 456704K, used 415797K [0x0000000080000000, 0x0000000100000000)
  region size 1024K, 244 young (249856K), 12 survivors (12288K)
 Metaspace       used 152340K, committed 153664K, reserved 1245184K
  class space    used 20268K, committed 20928K, reserved 1048576K
}
Event: 6142.838 GC heap after
{Heap after GC invocations=102 (full 0):
 garbage-first heap   total 456704K, used 174878K [0x0000000080000000, 0x0000000100000000)
  region size 1024K, 10 young (10240K), 10 survivors (10240K)
 Metaspace       used 152340K, committed 153664K, reserved 1245184K
  class space    used 20268K, committed 20928K, reserved 1048576K
}
Event: 6143.040 GC heap before
{Heap before GC invocations=102 (full 0):
 garbage-first heap   total 456704K, used 419614K [0x0000000080000000, 0x0000000100000000)
  region size 1024K, 250 young (256000K), 10 survivors (10240K)
 Metaspace       used 152341K, committed 153664K, reserved 1245184K
  class space    used 20268K, committed 20928K, reserved 1048576K
}
Event: 6143.044 GC heap after
{Heap after GC invocations=103 (full 0):
 garbage-first heap   total 456704K, used 171237K [0x0000000080000000, 0x0000000100000000)
  region size 1024K, 7 young (7168K), 7 survivors (7168K)
 Metaspace       used 152341K, committed 153664K, reserved 1245184K
  class space    used 20268K, committed 20928K, reserved 1048576K
}
Event: 6232.617 GC heap before
{Heap before GC invocations=104 (full 0):
 garbage-first heap   total 456704K, used 448741K [0x0000000080000000, 0x0000000100000000)
  region size 1024K, 253 young (259072K), 7 survivors (7168K)
 Metaspace       used 152543K, committed 153920K, reserved 1245184K
  class space    used 20299K, committed 20992K, reserved 1048576K
}
Event: 6232.623 GC heap after
{Heap after GC invocations=105 (full 0):
 garbage-first heap   total 457728K, used 167863K [0x0000000080000000, 0x0000000100000000)
  region size 1024K, 7 young (7168K), 7 survivors (7168K)
 Metaspace       used 152543K, committed 153920K, reserved 1245184K
  class space    used 20299K, committed 20992K, reserved 1048576K
}
Event: 6514.722 GC heap before
{Heap before GC invocations=105 (full 0):
 garbage-first heap   total 457728K, used 425911K [0x0000000080000000, 0x0000000100000000)
  region size 1024K, 259 young (265216K), 7 survivors (7168K)
 Metaspace       used 152714K, committed 154048K, reserved 1245184K
  class space    used 20302K, committed 20992K, reserved 1048576K
}
Event: 6514.743 GC heap after
{Heap after GC invocations=106 (full 0):
 garbage-first heap   total 457728K, used 157107K [0x0000000080000000, 0x0000000100000000)
  region size 1024K, 6 young (6144K), 6 survivors (6144K)
 Metaspace       used 152714K, committed 154048K, reserved 1245184K
  class space    used 20302K, committed 20992K, reserved 1048576K
}
Event: 6532.458 GC heap before
{Heap before GC invocations=106 (full 0):
 garbage-first heap   total 457728K, used 424371K [0x0000000080000000, 0x0000000100000000)
  region size 1024K, 268 young (274432K), 6 survivors (6144K)
 Metaspace       used 152788K, committed 154112K, reserved 1245184K
  class space    used 20304K, committed 20992K, reserved 1048576K
}
Event: 6532.522 GC heap after
{Heap after GC invocations=107 (full 0):
 garbage-first heap   total 457728K, used 180509K [0x0000000080000000, 0x0000000100000000)
  region size 1024K, 28 young (28672K), 28 survivors (28672K)
 Metaspace       used 152788K, committed 154112K, reserved 1245184K
  class space    used 20304K, committed 20992K, reserved 1048576K
}
Event: 6533.028 GC heap before
{Heap before GC invocations=108 (full 0):
 garbage-first heap   total 476160K, used 402717K [0x0000000080000000, 0x0000000100000000)
  region size 1024K, 246 young (251904K), 28 survivors (28672K)
 Metaspace       used 152791K, committed 154112K, reserved 1245184K
  class space    used 20304K, committed 20992K, reserved 1048576K
}
Event: 6533.053 GC heap after
{Heap after GC invocations=109 (full 0):
 garbage-first heap   total 476160K, used 181760K [0x0000000080000000, 0x0000000100000000)
  region size 1024K, 6 young (6144K), 6 survivors (6144K)
 Metaspace       used 152791K, committed 154112K, reserved 1245184K
  class space    used 20304K, committed 20992K, reserved 1048576K
}

