# JRE version: OpenJDK Runtime Environment (21.0.3) (build 21.0.3+-12282718-b509.11)
# Java VM: OpenJDK 64-Bit Server VM (21.0.3+-12282718-b509.11, mixed mode, tiered, compressed oops, compressed class ptrs, g1 gc, windows-amd64)
GC Precious Log:
 CardTable entry size: 512
 Card Set container configuration: InlinePtr #cards 4 size 8 Array Of Cards #cards 16 size 48 Howl #buckets 8 coarsen threshold 3686 Howl Bitmap #cards 512 size 80 coarsen threshold 460 Card regions per heap region 1 cards per card region 4096
 CPUs: 8 total, 8 available
 Memory: 8029M
 Large Page Support: Disabled
 NUMA Support: Disabled
 Compressed Oops: Enabled (Zero based)
 Heap Region Size: 2M
 Heap Min Capacity: 8M
 Heap Initial Capacity: 126M
 Heap Max Capacity: 4G
 Pre-touch: Disabled
 Parallel Workers: 8
 Concurrent Workers: 2
 Concurrent Refinement Workers: 8
 Periodic GC: Disabled
Heap:
 garbage-first heap   total 512000K, used 358857K [0x0000000700000000, 0x0000000800000000)
  region size 2048K, 7 young (14336K), 5 survivors (10240K)
 Metaspace       used 145683K, committed 148032K, reserved 1179648K
  class space    used 20104K, committed 21248K, reserved 1048576K
GC Heap History (20 events):
Event: 39.117 GC heap before
{Heap before GC invocations=51 (full 0):
 garbage-first heap   total 301056K, used 265928K [0x0000000700000000, 0x0000000800000000)
  region size 2048K, 58 young (118784K), 7 survivors (14336K)
 Metaspace       used 135020K, committed 137408K, reserved 1179648K
  class space    used 18797K, committed 19968K, reserved 1048576K
}
Event: 39.137 GC heap after
{Heap after GC invocations=52 (full 0):
 garbage-first heap   total 362496K, used 175945K [0x0000000700000000, 0x0000000800000000)
  region size 2048K, 7 young (14336K), 7 survivors (14336K)
 Metaspace       used 135020K, committed 137408K, reserved 1179648K
  class space    used 18797K, committed 19968K, reserved 1048576K
}
Event: 39.975 GC heap before
{Heap before GC invocations=52 (full 0):
 garbage-first heap   total 362496K, used 321353K [0x0000000700000000, 0x0000000800000000)
  region size 2048K, 78 young (159744K), 7 survivors (14336K)
 Metaspace       used 138046K, committed 140416K, reserved 1179648K
  class space    used 19250K, committed 20416K, reserved 1048576K
}
Event: 39.988 GC heap after
{Heap after GC invocations=53 (full 0):
 garbage-first heap   total 362496K, used 180147K [0x0000000700000000, 0x0000000800000000)
  region size 2048K, 2 young (4096K), 2 survivors (4096K)
 Metaspace       used 138046K, committed 140416K, reserved 1179648K
  class space    used 19250K, committed 20416K, reserved 1048576K
}
Event: 40.508 GC heap before
{Heap before GC invocations=53 (full 0):
 garbage-first heap   total 362496K, used 333747K [0x0000000700000000, 0x0000000800000000)
  region size 2048K, 77 young (157696K), 2 survivors (4096K)
 Metaspace       used 138322K, committed 140672K, reserved 1179648K
  class space    used 19260K, committed 20416K, reserved 1048576K
}
Event: 40.514 GC heap after
{Heap after GC invocations=54 (full 0):
 garbage-first heap   total 362496K, used 179946K [0x0000000700000000, 0x0000000800000000)
  region size 2048K, 2 young (4096K), 2 survivors (4096K)
 Metaspace       used 138322K, committed 140672K, reserved 1179648K
  class space    used 19260K, committed 20416K, reserved 1048576K
}
Event: 40.906 GC heap before
{Heap before GC invocations=54 (full 0):
 garbage-first heap   total 362496K, used 337642K [0x0000000700000000, 0x0000000800000000)
  region size 2048K, 79 young (161792K), 2 survivors (4096K)
 Metaspace       used 138695K, committed 141056K, reserved 1179648K
  class space    used 19272K, committed 20416K, reserved 1048576K
}
Event: 40.913 GC heap after
{Heap after GC invocations=55 (full 0):
 garbage-first heap   total 362496K, used 182092K [0x0000000700000000, 0x0000000800000000)
  region size 2048K, 3 young (6144K), 3 survivors (6144K)
 Metaspace       used 138695K, committed 141056K, reserved 1179648K
  class space    used 19272K, committed 20416K, reserved 1048576K
}
Event: 41.408 GC heap before
{Heap before GC invocations=56 (full 0):
 garbage-first heap   total 407552K, used 333644K [0x0000000700000000, 0x0000000800000000)
  region size 2048K, 77 young (157696K), 3 survivors (6144K)
 Metaspace       used 138823K, committed 141184K, reserved 1179648K
  class space    used 19265K, committed 20416K, reserved 1048576K
}
Event: 41.418 GC heap after
{Heap after GC invocations=57 (full 0):
 garbage-first heap   total 407552K, used 180903K [0x0000000700000000, 0x0000000800000000)
  region size 2048K, 3 young (6144K), 3 survivors (6144K)
 Metaspace       used 138823K, committed 141184K, reserved 1179648K
  class space    used 19265K, committed 20416K, reserved 1048576K
}
Event: 41.941 GC heap before
{Heap before GC invocations=57 (full 0):
 garbage-first heap   total 407552K, used 377511K [0x0000000700000000, 0x0000000800000000)
  region size 2048K, 99 young (202752K), 3 survivors (6144K)
 Metaspace       used 139123K, committed 141440K, reserved 1179648K
  class space    used 19265K, committed 20416K, reserved 1048576K
}
Event: 41.952 GC heap after
{Heap after GC invocations=58 (full 0):
 garbage-first heap   total 407552K, used 185232K [0x0000000700000000, 0x0000000800000000)
  region size 2048K, 6 young (12288K), 6 survivors (12288K)
 Metaspace       used 139123K, committed 141440K, reserved 1179648K
  class space    used 19265K, committed 20416K, reserved 1048576K
}
Event: 42.291 GC heap before
{Heap before GC invocations=58 (full 0):
 garbage-first heap   total 407552K, used 369552K [0x0000000700000000, 0x0000000800000000)
  region size 2048K, 96 young (196608K), 6 survivors (12288K)
 Metaspace       used 139280K, committed 141632K, reserved 1179648K
  class space    used 19265K, committed 20416K, reserved 1048576K
}
Event: 42.301 GC heap after
{Heap after GC invocations=59 (full 0):
 garbage-first heap   total 512000K, used 185618K [0x0000000700000000, 0x0000000800000000)
  region size 2048K, 6 young (12288K), 6 survivors (12288K)
 Metaspace       used 139280K, committed 141632K, reserved 1179648K
  class space    used 19265K, committed 20416K, reserved 1048576K
}
Event: 43.181 GC heap before
{Heap before GC invocations=60 (full 0):
 garbage-first heap   total 512000K, used 470290K [0x0000000700000000, 0x0000000800000000)
  region size 2048K, 145 young (296960K), 6 survivors (12288K)
 Metaspace       used 140036K, committed 142400K, reserved 1179648K
  class space    used 19388K, committed 20544K, reserved 1048576K
}
Event: 43.192 GC heap after
{Heap after GC invocations=61 (full 0):
 garbage-first heap   total 512000K, used 184202K [0x0000000700000000, 0x0000000800000000)
  region size 2048K, 5 young (10240K), 5 survivors (10240K)
 Metaspace       used 140036K, committed 142400K, reserved 1179648K
  class space    used 19388K, committed 20544K, reserved 1048576K
}
Event: 44.246 GC heap before
{Heap before GC invocations=61 (full 0):
 garbage-first heap   total 512000K, used 470922K [0x0000000700000000, 0x0000000800000000)
  region size 2048K, 146 young (299008K), 5 survivors (10240K)
 Metaspace       used 141996K, committed 144384K, reserved 1179648K
  class space    used 19641K, committed 20800K, reserved 1048576K
}
Event: 44.260 GC heap after
{Heap after GC invocations=62 (full 0):
 garbage-first heap   total 512000K, used 179750K [0x0000000700000000, 0x0000000800000000)
  region size 2048K, 5 young (10240K), 5 survivors (10240K)
 Metaspace       used 141996K, committed 144384K, reserved 1179648K
  class space    used 19641K, committed 20800K, reserved 1048576K
}
Event: 48.511 GC heap before
{Heap before GC invocations=62 (full 0):
 garbage-first heap   total 512000K, used 380454K [0x0000000700000000, 0x0000000800000000)
  region size 2048K, 105 young (215040K), 5 survivors (10240K)
 Metaspace       used 145680K, committed 148032K, reserved 1179648K
  class space    used 20104K, committed 21248K, reserved 1048576K
}
Event: 48.523 GC heap after
{Heap after GC invocations=63 (full 0):
 garbage-first heap   total 512000K, used 180681K [0x0000000700000000, 0x0000000800000000)
  region size 2048K, 5 young (10240K), 5 survivors (10240K)
 Metaspace       used 145680K, committed 148032K, reserved 1179648K
  class space    used 20104K, committed 21248K, reserved 1048576K
}

