# JRE version: OpenJDK Runtime Environment (21.0.3) (build 21.0.3+-12282718-b509.11)
# Java VM: OpenJDK 64-Bit Server VM (21.0.3+-12282718-b509.11, mixed mode, tiered, compressed oops, compressed class ptrs, g1 gc, windows-amd64)
GC Precious Log:
 CardTable entry size: 512
 Card Set container configuration: InlinePtr #cards 4 size 8 Array Of Cards #cards 16 size 48 Howl #buckets 8 coarsen threshold 3686 Howl Bitmap #cards 512 size 80 coarsen threshold 460 Card regions per heap region 1 cards per card region 4096
 CPUs: 8 total, 8 available
 Memory: 16149M
 Large Page Support: Disabled
 NUMA Support: Disabled
 Compressed Oops: Enabled (Zero based)
 Heap Region Size: 2M
 Heap Min Capacity: 8M
 Heap Initial Capacity: 254M
 Heap Max Capacity: 4038M
 Pre-touch: Disabled
 Parallel Workers: 8
 Concurrent Workers: 2
 Concurrent Refinement Workers: 8
 Periodic GC: Disabled
Heap:
 garbage-first heap   total 155648K, used 117331K [0x0000000703a00000, 0x0000000800000000)
  region size 2048K, 35 young (71680K), 5 survivors (10240K)
 Metaspace       used 65481K, committed 66176K, reserved 1114112K
  class space    used 7406K, committed 7744K, reserved 1048576K
GC Heap History (20 events):
Event: 1.332 GC heap before
{Heap before GC invocations=1 (full 0):
 garbage-first heap   total 260096K, used 39732K [0x0000000703a00000, 0x0000000800000000)
  region size 2048K, 19 young (38912K), 2 survivors (4096K)
 Metaspace       used 21332K, committed 21504K, reserved 1114112K
  class space    used 2288K, committed 2368K, reserved 1048576K
}
Event: 1.336 GC heap after
{Heap after GC invocations=2 (full 0):
 garbage-first heap   total 260096K, used 8509K [0x0000000703a00000, 0x0000000800000000)
  region size 2048K, 3 young (6144K), 3 survivors (6144K)
 Metaspace       used 21332K, committed 21504K, reserved 1114112K
  class space    used 2288K, committed 2368K, reserved 1048576K
}
Event: 2.297 GC heap before
{Heap before GC invocations=3 (full 0):
 garbage-first heap   total 40960K, used 39229K [0x0000000703a00000, 0x0000000800000000)
  region size 2048K, 18 young (36864K), 3 survivors (6144K)
 Metaspace       used 30271K, committed 30528K, reserved 1114112K
  class space    used 3648K, committed 3776K, reserved 1048576K
}
Event: 2.304 GC heap after
{Heap after GC invocations=4 (full 0):
 garbage-first heap   total 49152K, used 11593K [0x0000000703a00000, 0x0000000800000000)
  region size 2048K, 4 young (8192K), 4 survivors (8192K)
 Metaspace       used 30271K, committed 30528K, reserved 1114112K
  class space    used 3648K, committed 3776K, reserved 1048576K
}
Event: 2.575 GC heap before
{Heap before GC invocations=4 (full 0):
 garbage-first heap   total 49152K, used 34121K [0x0000000703a00000, 0x0000000800000000)
  region size 2048K, 14 young (28672K), 4 survivors (8192K)
 Metaspace       used 31239K, committed 31424K, reserved 1114112K
  class space    used 3822K, committed 3904K, reserved 1048576K
}
Event: 2.585 GC heap after
{Heap after GC invocations=5 (full 0):
 garbage-first heap   total 49152K, used 18383K [0x0000000703a00000, 0x0000000800000000)
  region size 2048K, 2 young (4096K), 2 survivors (4096K)
 Metaspace       used 31239K, committed 31424K, reserved 1114112K
  class space    used 3822K, committed 3904K, reserved 1048576K
}
Event: 2.890 GC heap before
{Heap before GC invocations=5 (full 0):
 garbage-first heap   total 49152K, used 36815K [0x0000000703a00000, 0x0000000800000000)
  region size 2048K, 11 young (22528K), 2 survivors (4096K)
 Metaspace       used 35697K, committed 35904K, reserved 1114112K
  class space    used 4417K, committed 4480K, reserved 1048576K
}
Event: 2.896 GC heap after
{Heap after GC invocations=6 (full 0):
 garbage-first heap   total 49152K, used 18382K [0x0000000703a00000, 0x0000000800000000)
  region size 2048K, 1 young (2048K), 1 survivors (2048K)
 Metaspace       used 35697K, committed 35904K, reserved 1114112K
  class space    used 4417K, committed 4480K, reserved 1048576K
}
Event: 2.899 GC heap before
{Heap before GC invocations=6 (full 0):
 garbage-first heap   total 49152K, used 18382K [0x0000000703a00000, 0x0000000800000000)
  region size 2048K, 2 young (4096K), 1 survivors (2048K)
 Metaspace       used 35727K, committed 35968K, reserved 1114112K
  class space    used 4420K, committed 4480K, reserved 1048576K
}
Event: 2.902 GC heap after
{Heap after GC invocations=7 (full 0):
 garbage-first heap   total 49152K, used 18354K [0x0000000703a00000, 0x0000000800000000)
  region size 2048K, 1 young (2048K), 1 survivors (2048K)
 Metaspace       used 35727K, committed 35968K, reserved 1114112K
  class space    used 4420K, committed 4480K, reserved 1048576K
}
Event: 3.277 GC heap before
{Heap before GC invocations=8 (full 0):
 garbage-first heap   total 49152K, used 40882K [0x0000000703a00000, 0x0000000800000000)
  region size 2048K, 12 young (24576K), 1 survivors (2048K)
 Metaspace       used 40426K, committed 40640K, reserved 1114112K
  class space    used 4864K, committed 4928K, reserved 1048576K
}
Event: 3.281 GC heap after
{Heap after GC invocations=9 (full 0):
 garbage-first heap   total 49152K, used 20777K [0x0000000703a00000, 0x0000000800000000)
  region size 2048K, 2 young (4096K), 2 survivors (4096K)
 Metaspace       used 40426K, committed 40640K, reserved 1114112K
  class space    used 4864K, committed 4928K, reserved 1048576K
}
Event: 3.507 GC heap before
{Heap before GC invocations=9 (full 0):
 garbage-first heap   total 49152K, used 39209K [0x0000000703a00000, 0x0000000800000000)
  region size 2048K, 11 young (22528K), 2 survivors (4096K)
 Metaspace       used 43449K, committed 43968K, reserved 1114112K
  class space    used 5242K, committed 5504K, reserved 1048576K
}
Event: 3.514 GC heap after
{Heap after GC invocations=10 (full 0):
 garbage-first heap   total 155648K, used 22133K [0x0000000703a00000, 0x0000000800000000)
  region size 2048K, 1 young (2048K), 1 survivors (2048K)
 Metaspace       used 43449K, committed 43968K, reserved 1114112K
  class space    used 5242K, committed 5504K, reserved 1048576K
}
Event: 5.082 GC heap before
{Heap before GC invocations=10 (full 0):
 garbage-first heap   total 155648K, used 114293K [0x0000000703a00000, 0x0000000800000000)
  region size 2048K, 45 young (92160K), 1 survivors (2048K)
 Metaspace       used 53652K, committed 54400K, reserved 1114112K
  class space    used 6388K, committed 6720K, reserved 1048576K
}
Event: 5.099 GC heap after
{Heap after GC invocations=11 (full 0):
 garbage-first heap   total 155648K, used 35513K [0x0000000703a00000, 0x0000000800000000)
  region size 2048K, 6 young (12288K), 6 survivors (12288K)
 Metaspace       used 53652K, committed 54400K, reserved 1114112K
  class space    used 6388K, committed 6720K, reserved 1048576K
}
Event: 6.674 GC heap before
{Heap before GC invocations=11 (full 0):
 garbage-first heap   total 155648K, used 86713K [0x0000000703a00000, 0x0000000800000000)
  region size 2048K, 31 young (63488K), 6 survivors (12288K)
 Metaspace       used 59568K, committed 60288K, reserved 1114112K
  class space    used 6999K, committed 7360K, reserved 1048576K
}
Event: 6.700 GC heap after
{Heap after GC invocations=12 (full 0):
 garbage-first heap   total 155648K, used 47688K [0x0000000703a00000, 0x0000000800000000)
  region size 2048K, 5 young (10240K), 5 survivors (10240K)
 Metaspace       used 59568K, committed 60288K, reserved 1114112K
  class space    used 6999K, committed 7360K, reserved 1048576K
}
Event: 9.014 GC heap before
{Heap before GC invocations=13 (full 0):
 garbage-first heap   total 155648K, used 123464K [0x0000000703a00000, 0x0000000800000000)
  region size 2048K, 42 young (86016K), 5 survivors (10240K)
 Metaspace       used 63382K, committed 64128K, reserved 1114112K
  class space    used 7248K, committed 7616K, reserved 1048576K
}
Event: 9.040 GC heap after
{Heap after GC invocations=14 (full 0):
 garbage-first heap   total 155648K, used 57939K [0x0000000703a00000, 0x0000000800000000)
  region size 2048K, 5 young (10240K), 5 survivors (10240K)
 Metaspace       used 63382K, committed 64128K, reserved 1114112K
  class space    used 7248K, committed 7616K, reserved 1048576K
}

